system   D            wsystem.c:583  maybe_parent_dir                 [   0.00095] Also searching C:\Users\Drutol\Desktop\Shooter\
system   D            wsystem.c:633  _al_win_safe_load_library        [   0.00140] PathFindOnPath found: C:\Windows\system32\d3d9.dll
system   D            wsystem.c:544  load_library_at_path             [   0.00146] Calling LoadLibrary C:\Windows\system32\d3d9.dll
system   I            wsystem.c:547  load_library_at_path             [   0.01021] Loaded C:\Windows\system32\d3d9.dll
d3d      I         d3d_disp.cpp:696  _al_d3d_init_display             [   0.07194] Render-to-texture: 1
system   I             system.c:252  al_install_system                [   0.07205] Allegro version: 5.0.10
d3d      I         d3d_disp.cpp:1737 d3d_create_display_locked        [   0.07364] faux_fullscreen=0
d3d      D         d3d_disp.cpp:1738 d3d_create_display_locked        [   0.07369] al_display=001FBDD0
d3d      D         d3d_disp.cpp:1739 d3d_create_display_locked        [   0.07373] al_display->vt=001FBD08
d3d      I d3d_display_formats.cpp:144  _al_d3d_generate_display_format_list [   0.12188] found 96 format combinations
display  D   display_settings.c:191  debug_display_settings           [   0.12204] color: 32 (rgba 8880), depth: 0, stencil: 0, acc: 0000, samples: 0/0
display  D   display_settings.c:506  _al_score_display_settings       [   0.12219] Score is : 897
display  D   display_settings.c:191  debug_display_settings           [   0.12228] color: 32 (rgba 8880), depth: 0, stencil: 0, acc: 0000, samples: 0/0
display  D   display_settings.c:506  _al_score_display_settings       [   0.12235] Score is : 897
display  D   display_settings.c:191  debug_display_settings           [   0.12245] color: 32 (rgba 8880), depth: 0, stencil: 0, acc: 0000, samples: 2/1
display  D   display_settings.c:506  _al_score_display_settings       [   0.12258] Score is : 726
display  D   display_settings.c:191  debug_display_settings           [   0.12281] color: 32 (rgba 8880), depth: 24, stencil: 8, acc: 0000, samples: 0/0
display  D   display_settings.c:506  _al_score_display_settings       [   0.12289] Score is : 897
display  D   display_settings.c:191  debug_display_settings           [   0.12295] color: 32 (rgba 8880), depth: 24, stencil: 8, acc: 0000, samples: 0/0
display  D   display_settings.c:506  _al_score_display_settings       [   0.12300] Score is : 897
display  D   display_settings.c:191  debug_display_settings           [   0.12303] color: 32 (rgba 8880), depth: 24, stencil: 8, acc: 0000, samples: 2/1
display  D   display_settings.c:506  _al_score_display_settings       [   0.12308] Score is : 726
display  D   display_settings.c:191  debug_display_settings           [   0.12311] color: 32 (rgba 8880), depth: 24, stencil: 0, acc: 0000, samples: 0/0
display  D   display_settings.c:506  _al_score_display_settings       [   0.12316] Score is : 897
display  D   display_settings.c:191  debug_display_settings           [   0.12319] color: 32 (rgba 8880), depth: 24, stencil: 0, acc: 0000, samples: 0/0
display  D   display_settings.c:506  _al_score_display_settings       [   0.12324] Score is : 897
display  D   display_settings.c:191  debug_display_settings           [   0.12327] color: 32 (rgba 8880), depth: 24, stencil: 0, acc: 0000, samples: 2/1
display  D   display_settings.c:506  _al_score_display_settings       [   0.12332] Score is : 726
display  D   display_settings.c:191  debug_display_settings           [   0.12335] color: 32 (rgba 8880), depth: 16, stencil: 0, acc: 0000, samples: 0/0
display  D   display_settings.c:506  _al_score_display_settings       [   0.12339] Score is : 897
display  D   display_settings.c:191  debug_display_settings           [   0.12343] color: 32 (rgba 8880), depth: 16, stencil: 0, acc: 0000, samples: 0/0
display  D   display_settings.c:506  _al_score_display_settings       [   0.12347] Score is : 897
display  D   display_settings.c:191  debug_display_settings           [   0.12351] color: 32 (rgba 8880), depth: 16, stencil: 0, acc: 0000, samples: 2/1
display  D   display_settings.c:506  _al_score_display_settings       [   0.12362] Score is : 726
display  D   display_settings.c:191  debug_display_settings           [   0.12367] color: 16 (rgba 5650), depth: 0, stencil: 0, acc: 0000, samples: 0/0
display  D   display_settings.c:506  _al_score_display_settings       [   0.12371] Score is : 897
display  D   display_settings.c:191  debug_display_settings           [   0.12375] color: 16 (rgba 5650), depth: 0, stencil: 0, acc: 0000, samples: 0/0
display  D   display_settings.c:506  _al_score_display_settings       [   0.12379] Score is : 897
display  D   display_settings.c:191  debug_display_settings           [   0.12383] color: 16 (rgba 5650), depth: 0, stencil: 0, acc: 0000, samples: 2/1
display  D   display_settings.c:506  _al_score_display_settings       [   0.12387] Score is : 726
display  D   display_settings.c:191  debug_display_settings           [   0.12390] color: 16 (rgba 5650), depth: 24, stencil: 8, acc: 0000, samples: 0/0
display  D   display_settings.c:506  _al_score_display_settings       [   0.12395] Score is : 897
display  D   display_settings.c:191  debug_display_settings           [   0.12398] color: 16 (rgba 5650), depth: 24, stencil: 8, acc: 0000, samples: 0/0
display  D   display_settings.c:506  _al_score_display_settings       [   0.12403] Score is : 897
display  D   display_settings.c:191  debug_display_settings           [   0.12406] color: 16 (rgba 5650), depth: 24, stencil: 8, acc: 0000, samples: 2/1
display  D   display_settings.c:506  _al_score_display_settings       [   0.12410] Score is : 726
display  D   display_settings.c:191  debug_display_settings           [   0.12414] color: 16 (rgba 5650), depth: 24, stencil: 0, acc: 0000, samples: 0/0
display  D   display_settings.c:506  _al_score_display_settings       [   0.12418] Score is : 897
display  D   display_settings.c:191  debug_display_settings           [   0.12422] color: 16 (rgba 5650), depth: 24, stencil: 0, acc: 0000, samples: 0/0
display  D   display_settings.c:506  _al_score_display_settings       [   0.12426] Score is : 897
display  D   display_settings.c:191  debug_display_settings           [   0.12430] color: 16 (rgba 5650), depth: 24, stencil: 0, acc: 0000, samples: 2/1
display  D   display_settings.c:506  _al_score_display_settings       [   0.12434] Score is : 726
display  D   display_settings.c:191  debug_display_settings           [   0.12438] color: 16 (rgba 5650), depth: 16, stencil: 0, acc: 0000, samples: 0/0
display  D   display_settings.c:506  _al_score_display_settings       [   0.12442] Score is : 897
display  D   display_settings.c:191  debug_display_settings           [   0.12445] color: 16 (rgba 5650), depth: 16, stencil: 0, acc: 0000, samples: 0/0
display  D   display_settings.c:506  _al_score_display_settings       [   0.12453] Score is : 897
display  D   display_settings.c:191  debug_display_settings           [   0.12463] color: 16 (rgba 5650), depth: 16, stencil: 0, acc: 0000, samples: 2/1
display  D   display_settings.c:506  _al_score_display_settings       [   0.12470] Score is : 726
display  D   display_settings.c:191  debug_display_settings           [   0.12474] color: 32 (rgba 8880), depth: 0, stencil: 0, acc: 0000, samples: 0/0
display  D   display_settings.c:377  _al_score_display_settings       [   0.12478] Single Buffer requirement not met.
display  D   display_settings.c:191  debug_display_settings           [   0.12482] color: 32 (rgba 8880), depth: 0, stencil: 0, acc: 0000, samples: 0/0
display  D   display_settings.c:377  _al_score_display_settings       [   0.12486] Single Buffer requirement not met.
display  D   display_settings.c:191  debug_display_settings           [   0.12490] color: 32 (rgba 8880), depth: 0, stencil: 0, acc: 0000, samples: 2/1
display  D   display_settings.c:377  _al_score_display_settings       [   0.12494] Single Buffer requirement not met.
display  D   display_settings.c:191  debug_display_settings           [   0.12498] color: 32 (rgba 8880), depth: 24, stencil: 8, acc: 0000, samples: 0/0
display  D   display_settings.c:377  _al_score_display_settings       [   0.12503] Single Buffer requirement not met.
display  D   display_settings.c:191  debug_display_settings           [   0.12507] color: 32 (rgba 8880), depth: 24, stencil: 8, acc: 0000, samples: 0/0
display  D   display_settings.c:377  _al_score_display_settings       [   0.12511] Single Buffer requirement not met.
display  D   display_settings.c:191  debug_display_settings           [   0.12515] color: 32 (rgba 8880), depth: 24, stencil: 8, acc: 0000, samples: 2/1
display  D   display_settings.c:377  _al_score_display_settings       [   0.12519] Single Buffer requirement not met.
display  D   display_settings.c:191  debug_display_settings           [   0.12523] color: 32 (rgba 8880), depth: 24, stencil: 0, acc: 0000, samples: 0/0
display  D   display_settings.c:377  _al_score_display_settings       [   0.12527] Single Buffer requirement not met.
display  D   display_settings.c:191  debug_display_settings           [   0.12531] color: 32 (rgba 8880), depth: 24, stencil: 0, acc: 0000, samples: 0/0
display  D   display_settings.c:377  _al_score_display_settings       [   0.12535] Single Buffer requirement not met.
display  D   display_settings.c:191  debug_display_settings           [   0.12539] color: 32 (rgba 8880), depth: 24, stencil: 0, acc: 0000, samples: 2/1
display  D   display_settings.c:377  _al_score_display_settings       [   0.12543] Single Buffer requirement not met.
display  D   display_settings.c:191  debug_display_settings           [   0.12547] color: 32 (rgba 8880), depth: 16, stencil: 0, acc: 0000, samples: 0/0
display  D   display_settings.c:377  _al_score_display_settings       [   0.12551] Single Buffer requirement not met.
display  D   display_settings.c:191  debug_display_settings           [   0.12555] color: 32 (rgba 8880), depth: 16, stencil: 0, acc: 0000, samples: 0/0
display  D   display_settings.c:377  _al_score_display_settings       [   0.12559] Single Buffer requirement not met.
display  D   display_settings.c:191  debug_display_settings           [   0.12562] color: 32 (rgba 8880), depth: 16, stencil: 0, acc: 0000, samples: 2/1
display  D   display_settings.c:377  _al_score_display_settings       [   0.12567] Single Buffer requirement not met.
display  D   display_settings.c:191  debug_display_settings           [   0.12570] color: 16 (rgba 5650), depth: 0, stencil: 0, acc: 0000, samples: 0/0
display  D   display_settings.c:377  _al_score_display_settings       [   0.12574] Single Buffer requirement not met.
display  D   display_settings.c:191  debug_display_settings           [   0.12578] color: 16 (rgba 5650), depth: 0, stencil: 0, acc: 0000, samples: 0/0
display  D   display_settings.c:377  _al_score_display_settings       [   0.12582] Single Buffer requirement not met.
display  D   display_settings.c:191  debug_display_settings           [   0.12586] color: 16 (rgba 5650), depth: 0, stencil: 0, acc: 0000, samples: 2/1
display  D   display_settings.c:377  _al_score_display_settings       [   0.12590] Single Buffer requirement not met.
display  D   display_settings.c:191  debug_display_settings           [   0.12594] color: 16 (rgba 5650), depth: 24, stencil: 8, acc: 0000, samples: 0/0
display  D   display_settings.c:377  _al_score_display_settings       [   0.12598] Single Buffer requirement not met.
display  D   display_settings.c:191  debug_display_settings           [   0.12602] color: 16 (rgba 5650), depth: 24, stencil: 8, acc: 0000, samples: 0/0
display  D   display_settings.c:377  _al_score_display_settings       [   0.12606] Single Buffer requirement not met.
display  D   display_settings.c:191  debug_display_settings           [   0.12610] color: 16 (rgba 5650), depth: 24, stencil: 8, acc: 0000, samples: 2/1
display  D   display_settings.c:377  _al_score_display_settings       [   0.12614] Single Buffer requirement not met.
display  D   display_settings.c:191  debug_display_settings           [   0.12618] color: 16 (rgba 5650), depth: 24, stencil: 0, acc: 0000, samples: 0/0
display  D   display_settings.c:377  _al_score_display_settings       [   0.12622] Single Buffer requirement not met.
display  D   display_settings.c:191  debug_display_settings           [   0.12626] color: 16 (rgba 5650), depth: 24, stencil: 0, acc: 0000, samples: 0/0
display  D   display_settings.c:377  _al_score_display_settings       [   0.12630] Single Buffer requirement not met.
display  D   display_settings.c:191  debug_display_settings           [   0.12634] color: 16 (rgba 5650), depth: 24, stencil: 0, acc: 0000, samples: 2/1
display  D   display_settings.c:377  _al_score_display_settings       [   0.12638] Single Buffer requirement not met.
display  D   display_settings.c:191  debug_display_settings           [   0.12642] color: 16 (rgba 5650), depth: 16, stencil: 0, acc: 0000, samples: 0/0
display  D   display_settings.c:377  _al_score_display_settings       [   0.12646] Single Buffer requirement not met.
display  D   display_settings.c:191  debug_display_settings           [   0.12650] color: 16 (rgba 5650), depth: 16, stencil: 0, acc: 0000, samples: 0/0
display  D   display_settings.c:377  _al_score_display_settings       [   0.12659] Single Buffer requirement not met.
display  D   display_settings.c:191  debug_display_settings           [   0.12667] color: 16 (rgba 5650), depth: 16, stencil: 0, acc: 0000, samples: 2/1
display  D   display_settings.c:377  _al_score_display_settings       [   0.12671] Single Buffer requirement not met.
display  D   display_settings.c:191  debug_display_settings           [   0.12675] color: 32 (rgba 8880), depth: 0, stencil: 0, acc: 0000, samples: 0/0
display  D   display_settings.c:506  _al_score_display_settings       [   0.12679] Score is : 769
display  D   display_settings.c:191  debug_display_settings           [   0.12683] color: 32 (rgba 8880), depth: 0, stencil: 0, acc: 0000, samples: 0/0
display  D   display_settings.c:506  _al_score_display_settings       [   0.12687] Score is : 769
display  D   display_settings.c:191  debug_display_settings           [   0.12690] color: 32 (rgba 8880), depth: 0, stencil: 0, acc: 0000, samples: 2/1
display  D   display_settings.c:506  _al_score_display_settings       [   0.12695] Score is : 598
display  D   display_settings.c:191  debug_display_settings           [   0.12698] color: 32 (rgba 8880), depth: 24, stencil: 8, acc: 0000, samples: 0/0
display  D   display_settings.c:506  _al_score_display_settings       [   0.12702] Score is : 769
display  D   display_settings.c:191  debug_display_settings           [   0.12706] color: 32 (rgba 8880), depth: 24, stencil: 8, acc: 0000, samples: 0/0
display  D   display_settings.c:506  _al_score_display_settings       [   0.12710] Score is : 769
display  D   display_settings.c:191  debug_display_settings           [   0.12714] color: 32 (rgba 8880), depth: 24, stencil: 8, acc: 0000, samples: 2/1
display  D   display_settings.c:506  _al_score_display_settings       [   0.12718] Score is : 598
display  D   display_settings.c:191  debug_display_settings           [   0.12722] color: 32 (rgba 8880), depth: 24, stencil: 0, acc: 0000, samples: 0/0
display  D   display_settings.c:506  _al_score_display_settings       [   0.12726] Score is : 769
display  D   display_settings.c:191  debug_display_settings           [   0.12730] color: 32 (rgba 8880), depth: 24, stencil: 0, acc: 0000, samples: 0/0
display  D   display_settings.c:506  _al_score_display_settings       [   0.12734] Score is : 769
display  D   display_settings.c:191  debug_display_settings           [   0.12737] color: 32 (rgba 8880), depth: 24, stencil: 0, acc: 0000, samples: 2/1
display  D   display_settings.c:506  _al_score_display_settings       [   0.12742] Score is : 598
display  D   display_settings.c:191  debug_display_settings           [   0.12745] color: 32 (rgba 8880), depth: 16, stencil: 0, acc: 0000, samples: 0/0
display  D   display_settings.c:506  _al_score_display_settings       [   0.12749] Score is : 769
display  D   display_settings.c:191  debug_display_settings           [   0.12753] color: 32 (rgba 8880), depth: 16, stencil: 0, acc: 0000, samples: 0/0
display  D   display_settings.c:506  _al_score_display_settings       [   0.12763] Score is : 769
display  D   display_settings.c:191  debug_display_settings           [   0.12767] color: 32 (rgba 8880), depth: 16, stencil: 0, acc: 0000, samples: 2/1
display  D   display_settings.c:506  _al_score_display_settings       [   0.12771] Score is : 598
display  D   display_settings.c:191  debug_display_settings           [   0.12775] color: 16 (rgba 5650), depth: 0, stencil: 0, acc: 0000, samples: 0/0
display  D   display_settings.c:506  _al_score_display_settings       [   0.12779] Score is : 769
display  D   display_settings.c:191  debug_display_settings           [   0.12783] color: 16 (rgba 5650), depth: 0, stencil: 0, acc: 0000, samples: 0/0
display  D   display_settings.c:506  _al_score_display_settings       [   0.12787] Score is : 769
display  D   display_settings.c:191  debug_display_settings           [   0.12791] color: 16 (rgba 5650), depth: 0, stencil: 0, acc: 0000, samples: 2/1
display  D   display_settings.c:506  _al_score_display_settings       [   0.12795] Score is : 598
display  D   display_settings.c:191  debug_display_settings           [   0.12798] color: 16 (rgba 5650), depth: 24, stencil: 8, acc: 0000, samples: 0/0
display  D   display_settings.c:506  _al_score_display_settings       [   0.12802] Score is : 769
display  D   display_settings.c:191  debug_display_settings           [   0.12806] color: 16 (rgba 5650), depth: 24, stencil: 8, acc: 0000, samples: 0/0
display  D   display_settings.c:506  _al_score_display_settings       [   0.12810] Score is : 769
display  D   display_settings.c:191  debug_display_settings           [   0.12814] color: 16 (rgba 5650), depth: 24, stencil: 8, acc: 0000, samples: 2/1
display  D   display_settings.c:506  _al_score_display_settings       [   0.12824] Score is : 598
display  D   display_settings.c:191  debug_display_settings           [   0.12834] color: 16 (rgba 5650), depth: 24, stencil: 0, acc: 0000, samples: 0/0
display  D   display_settings.c:506  _al_score_display_settings       [   0.12839] Score is : 769
display  D   display_settings.c:191  debug_display_settings           [   0.12849] color: 16 (rgba 5650), depth: 24, stencil: 0, acc: 0000, samples: 0/0
display  D   display_settings.c:506  _al_score_display_settings       [   0.12855] Score is : 769
display  D   display_settings.c:191  debug_display_settings           [   0.12862] color: 16 (rgba 5650), depth: 24, stencil: 0, acc: 0000, samples: 2/1
display  D   display_settings.c:506  _al_score_display_settings       [   0.12868] Score is : 598
display  D   display_settings.c:191  debug_display_settings           [   0.12874] color: 16 (rgba 5650), depth: 16, stencil: 0, acc: 0000, samples: 0/0
display  D   display_settings.c:506  _al_score_display_settings       [   0.12880] Score is : 769
display  D   display_settings.c:191  debug_display_settings           [   0.12886] color: 16 (rgba 5650), depth: 16, stencil: 0, acc: 0000, samples: 0/0
display  D   display_settings.c:506  _al_score_display_settings       [   0.12892] Score is : 769
display  D   display_settings.c:191  debug_display_settings           [   0.12897] color: 16 (rgba 5650), depth: 16, stencil: 0, acc: 0000, samples: 2/1
display  D   display_settings.c:506  _al_score_display_settings       [   0.12905] Score is : 598
display  D   display_settings.c:191  debug_display_settings           [   0.12915] color: 32 (rgba 8880), depth: 0, stencil: 0, acc: 0000, samples: 0/0
display  D   display_settings.c:377  _al_score_display_settings       [   0.12924] Single Buffer requirement not met.
display  D   display_settings.c:191  debug_display_settings           [   0.12929] color: 32 (rgba 8880), depth: 0, stencil: 0, acc: 0000, samples: 0/0
display  D   display_settings.c:377  _al_score_display_settings       [   0.12936] Single Buffer requirement not met.
display  D   display_settings.c:191  debug_display_settings           [   0.12944] color: 32 (rgba 8880), depth: 0, stencil: 0, acc: 0000, samples: 2/1
display  D   display_settings.c:377  _al_score_display_settings       [   0.12950] Single Buffer requirement not met.
display  D   display_settings.c:191  debug_display_settings           [   0.12961] color: 32 (rgba 8880), depth: 24, stencil: 8, acc: 0000, samples: 0/0
display  D   display_settings.c:377  _al_score_display_settings       [   0.12968] Single Buffer requirement not met.
display  D   display_settings.c:191  debug_display_settings           [   0.12973] color: 32 (rgba 8880), depth: 24, stencil: 8, acc: 0000, samples: 0/0
display  D   display_settings.c:377  _al_score_display_settings       [   0.12979] Single Buffer requirement not met.
display  D   display_settings.c:191  debug_display_settings           [   0.12985] color: 32 (rgba 8880), depth: 24, stencil: 8, acc: 0000, samples: 2/1
display  D   display_settings.c:377  _al_score_display_settings       [   0.12997] Single Buffer requirement not met.
display  D   display_settings.c:191  debug_display_settings           [   0.13001] color: 32 (rgba 8880), depth: 24, stencil: 0, acc: 0000, samples: 0/0
display  D   display_settings.c:377  _al_score_display_settings       [   0.13005] Single Buffer requirement not met.
display  D   display_settings.c:191  debug_display_settings           [   0.13009] color: 32 (rgba 8880), depth: 24, stencil: 0, acc: 0000, samples: 0/0
display  D   display_settings.c:377  _al_score_display_settings       [   0.13013] Single Buffer requirement not met.
display  D   display_settings.c:191  debug_display_settings           [   0.13017] color: 32 (rgba 8880), depth: 24, stencil: 0, acc: 0000, samples: 2/1
display  D   display_settings.c:377  _al_score_display_settings       [   0.13022] Single Buffer requirement not met.
display  D   display_settings.c:191  debug_display_settings           [   0.13025] color: 32 (rgba 8880), depth: 16, stencil: 0, acc: 0000, samples: 0/0
display  D   display_settings.c:377  _al_score_display_settings       [   0.13031] Single Buffer requirement not met.
display  D   display_settings.c:191  debug_display_settings           [   0.13035] color: 32 (rgba 8880), depth: 16, stencil: 0, acc: 0000, samples: 0/0
display  D   display_settings.c:377  _al_score_display_settings       [   0.13046] Single Buffer requirement not met.
display  D   display_settings.c:191  debug_display_settings           [   0.13050] color: 32 (rgba 8880), depth: 16, stencil: 0, acc: 0000, samples: 2/1
display  D   display_settings.c:377  _al_score_display_settings       [   0.13054] Single Buffer requirement not met.
display  D   display_settings.c:191  debug_display_settings           [   0.13058] color: 16 (rgba 5650), depth: 0, stencil: 0, acc: 0000, samples: 0/0
display  D   display_settings.c:377  _al_score_display_settings       [   0.13062] Single Buffer requirement not met.
display  D   display_settings.c:191  debug_display_settings           [   0.13079] color: 16 (rgba 5650), depth: 0, stencil: 0, acc: 0000, samples: 0/0
display  D   display_settings.c:377  _al_score_display_settings       [   0.13086] Single Buffer requirement not met.
display  D   display_settings.c:191  debug_display_settings           [   0.13091] color: 16 (rgba 5650), depth: 0, stencil: 0, acc: 0000, samples: 2/1
display  D   display_settings.c:377  _al_score_display_settings       [   0.13098] Single Buffer requirement not met.
display  D   display_settings.c:191  debug_display_settings           [   0.13104] color: 16 (rgba 5650), depth: 24, stencil: 8, acc: 0000, samples: 0/0
display  D   display_settings.c:377  _al_score_display_settings       [   0.13110] Single Buffer requirement not met.
display  D   display_settings.c:191  debug_display_settings           [   0.13119] color: 16 (rgba 5650), depth: 24, stencil: 8, acc: 0000, samples: 0/0
display  D   display_settings.c:377  _al_score_display_settings       [   0.13131] Single Buffer requirement not met.
display  D   display_settings.c:191  debug_display_settings           [   0.13139] color: 16 (rgba 5650), depth: 24, stencil: 8, acc: 0000, samples: 2/1
display  D   display_settings.c:377  _al_score_display_settings       [   0.13145] Single Buffer requirement not met.
display  D   display_settings.c:191  debug_display_settings           [   0.13152] color: 16 (rgba 5650), depth: 24, stencil: 0, acc: 0000, samples: 0/0
display  D   display_settings.c:377  _al_score_display_settings       [   0.13163] Single Buffer requirement not met.
display  D   display_settings.c:191  debug_display_settings           [   0.13170] color: 16 (rgba 5650), depth: 24, stencil: 0, acc: 0000, samples: 0/0
display  D   display_settings.c:377  _al_score_display_settings       [   0.13177] Single Buffer requirement not met.
display  D   display_settings.c:191  debug_display_settings           [   0.13185] color: 16 (rgba 5650), depth: 24, stencil: 0, acc: 0000, samples: 2/1
display  D   display_settings.c:377  _al_score_display_settings       [   0.13190] Single Buffer requirement not met.
display  D   display_settings.c:191  debug_display_settings           [   0.13196] color: 16 (rgba 5650), depth: 16, stencil: 0, acc: 0000, samples: 0/0
display  D   display_settings.c:377  _al_score_display_settings       [   0.13204] Single Buffer requirement not met.
display  D   display_settings.c:191  debug_display_settings           [   0.13210] color: 16 (rgba 5650), depth: 16, stencil: 0, acc: 0000, samples: 0/0
display  D   display_settings.c:377  _al_score_display_settings       [   0.13216] Single Buffer requirement not met.
display  D   display_settings.c:191  debug_display_settings           [   0.13222] color: 16 (rgba 5650), depth: 16, stencil: 0, acc: 0000, samples: 2/1
display  D   display_settings.c:377  _al_score_display_settings       [   0.13231] Single Buffer requirement not met.
d3d      D         d3d_disp.cpp:1645 d3d_create_display_internals     [   0.13245] Trying format 0.
d3d      I         d3d_disp.cpp:1326 d3d_display_thread_proc          [   0.13354] Chose a display format: 23
d3d      I         d3d_disp.cpp:1395 d3d_display_thread_proc          [   0.13365] Normal window.
d3d      I         d3d_disp.cpp:801  d3d_create_device                [   0.15334] Using no depth stencil buffer
d3d      D         d3d_disp.cpp:866  d3d_create_device                [   0.33391] BeginScene succeeded in create_device
d3d      D         d3d_disp.cpp:874  d3d_create_device                [   0.33400] Success
d3d      D         d3d_disp.cpp:1668 d3d_create_display_internals     [   0.33406] Resumed after wait.
d3d      I         d3d_disp.cpp:1701 d3d_create_display_internals     [   0.33414] Format 0 succeeded.
d3d      D         d3d_disp.cpp:1724 d3d_create_display_internals     [   0.33420] Returning d3d_display: 001FBDD0
d3d      D         d3d_disp.cpp:1749 d3d_create_display_locked        [   0.33427] al_display=001FBDD0
d3d      D         d3d_disp.cpp:1750 d3d_create_display_locked        [   0.33431] al_display->vt=001FBD08
dtor     D               dtor.c:184  _al_register_destructor          [   0.33539] added dtor for object 0021DA60, func 558827A7
dtor     D               dtor.c:184  _al_register_destructor          [   0.33547] added dtor for object 0021DD50, func 558824D2
dtor     D               dtor.c:184  _al_register_destructor          [   0.33555] added dtor for object 0021DF10, func 558827A7
font     D                ttf.c:792  al_load_ttf_font_stretch_f       [   0.33742] Font Resources/leadcoat.ttf loaded with pixel size 0 x 40.
font     D                ttf.c:794  al_load_ttf_font_stretch_f       [   0.33747]     ascent=36.0, descent=-6.0, height=41.0
dtor     D               dtor.c:184  _al_register_destructor          [   0.33753] added dtor for object 00226958, func 55881B3B
font     D                ttf.c:792  al_load_ttf_font_stretch_f       [   0.33809] Font Resources/leadcoat.ttf loaded with pixel size 0 x 41.
font     D                ttf.c:794  al_load_ttf_font_stretch_f       [   0.33813]     ascent=37.0, descent=-6.0, height=42.0
dtor     D               dtor.c:184  _al_register_destructor          [   0.33821] added dtor for object 002257F0, func 55881B3B
font     D                ttf.c:792  al_load_ttf_font_stretch_f       [   0.33894] Font Resources/leadcoat.ttf loaded with pixel size 0 x 42.
font     D                ttf.c:794  al_load_ttf_font_stretch_f       [   0.33899]     ascent=38.0, descent=-6.0, height=43.0
dtor     D               dtor.c:184  _al_register_destructor          [   0.33905] added dtor for object 0022C278, func 55881B3B
font     D                ttf.c:792  al_load_ttf_font_stretch_f       [   0.33977] Font Resources/leadcoat.ttf loaded with pixel size 0 x 43.
font     D                ttf.c:794  al_load_ttf_font_stretch_f       [   0.33982]     ascent=39.0, descent=-7.0, height=44.0
dtor     D               dtor.c:184  _al_register_destructor          [   0.33988] added dtor for object 0022EEE8, func 55881B3B
font     D                ttf.c:792  al_load_ttf_font_stretch_f       [   0.34053] Font Resources/leadcoat.ttf loaded with pixel size 0 x 44.
font     D                ttf.c:794  al_load_ttf_font_stretch_f       [   0.34058]     ascent=40.0, descent=-7.0, height=45.0
dtor     D               dtor.c:184  _al_register_destructor          [   0.34063] added dtor for object 002323D8, func 55881B3B
font     D                ttf.c:792  al_load_ttf_font_stretch_f       [   0.34123] Font Resources/leadcoat.ttf loaded with pixel size 0 x 45.
font     D                ttf.c:794  al_load_ttf_font_stretch_f       [   0.34128]     ascent=40.0, descent=-7.0, height=46.0
dtor     D               dtor.c:184  _al_register_destructor          [   0.34134] added dtor for object 002305A0, func 55881B3B
font     D                ttf.c:792  al_load_ttf_font_stretch_f       [   0.34207] Font Resources/leadcoat.ttf loaded with pixel size 0 x 46.
font     D                ttf.c:794  al_load_ttf_font_stretch_f       [   0.34212]     ascent=41.0, descent=-7.0, height=47.0
dtor     D               dtor.c:184  _al_register_destructor          [   0.34217] added dtor for object 00237A78, func 55881B3B
font     D                ttf.c:792  al_load_ttf_font_stretch_f       [   0.34280] Font Resources/leadcoat.ttf loaded with pixel size 0 x 47.
font     D                ttf.c:794  al_load_ttf_font_stretch_f       [   0.34285]     ascent=42.0, descent=-7.0, height=48.0
dtor     D               dtor.c:184  _al_register_destructor          [   0.34290] added dtor for object 0023A690, func 55881B3B
font     D                ttf.c:792  al_load_ttf_font_stretch_f       [   0.34360] Font Resources/leadcoat.ttf loaded with pixel size 0 x 48.
font     D                ttf.c:794  al_load_ttf_font_stretch_f       [   0.34364]     ascent=43.0, descent=-7.0, height=49.0
dtor     D               dtor.c:184  _al_register_destructor          [   0.34370] added dtor for object 0023D2B0, func 55881B3B
font     D                ttf.c:792  al_load_ttf_font_stretch_f       [   0.34442] Font Resources/leadcoat.ttf loaded with pixel size 0 x 49.
font     D                ttf.c:794  al_load_ttf_font_stretch_f       [   0.34446]     ascent=44.0, descent=-7.0, height=50.0
dtor     D               dtor.c:184  _al_register_destructor          [   0.34452] added dtor for object 0023FED0, func 55881B3B
font     D                ttf.c:792  al_load_ttf_font_stretch_f       [   0.34524] Font Resources/leadcoat.ttf loaded with pixel size 0 x 50.
font     D                ttf.c:794  al_load_ttf_font_stretch_f       [   0.34528]     ascent=45.0, descent=-7.0, height=51.0
dtor     D               dtor.c:184  _al_register_destructor          [   0.34534] added dtor for object 00242AF8, func 55881B3B
font     D                ttf.c:792  al_load_ttf_font_stretch_f       [   0.34611] Font Resources/leadcoat.ttf loaded with pixel size 0 x 51.
font     D                ttf.c:794  al_load_ttf_font_stretch_f       [   0.34615]     ascent=46.0, descent=-8.0, height=52.0
dtor     D               dtor.c:184  _al_register_destructor          [   0.34621] added dtor for object 00245B28, func 55881B3B
font     D                ttf.c:792  al_load_ttf_font_stretch_f       [   0.34702] Font Resources/leadcoat.ttf loaded with pixel size 0 x 52.
font     D                ttf.c:794  al_load_ttf_font_stretch_f       [   0.34715]     ascent=47.0, descent=-8.0, height=54.0
dtor     D               dtor.c:184  _al_register_destructor          [   0.34723] added dtor for object 00248818, func 55881B3B
font     D                ttf.c:792  al_load_ttf_font_stretch_f       [   0.34795] Font Resources/leadcoat.ttf loaded with pixel size 0 x 53.
font     D                ttf.c:794  al_load_ttf_font_stretch_f       [   0.34800]     ascent=48.0, descent=-8.0, height=55.0
dtor     D               dtor.c:184  _al_register_destructor          [   0.34807] added dtor for object 0024B488, func 55881B3B
font     D                ttf.c:792  al_load_ttf_font_stretch_f       [   0.34873] Font Resources/leadcoat.ttf loaded with pixel size 0 x 54.
font     D                ttf.c:794  al_load_ttf_font_stretch_f       [   0.34878]     ascent=48.0, descent=-8.0, height=56.0
dtor     D               dtor.c:184  _al_register_destructor          [   0.34884] added dtor for object 0024E188, func 55881B3B
font     D                ttf.c:792  al_load_ttf_font_stretch_f       [   0.34962] Font Resources/leadcoat.ttf loaded with pixel size 0 x 55.
font     D                ttf.c:794  al_load_ttf_font_stretch_f       [   0.34968]     ascent=49.0, descent=-8.0, height=57.0
dtor     D               dtor.c:184  _al_register_destructor          [   0.34974] added dtor for object 00250DE8, func 55881B3B
font     D                ttf.c:792  al_load_ttf_font_stretch_f       [   0.35055] Font Resources/leadcoat.ttf loaded with pixel size 0 x 56.
font     D                ttf.c:794  al_load_ttf_font_stretch_f       [   0.35060]     ascent=50.0, descent=-8.0, height=58.0
dtor     D               dtor.c:184  _al_register_destructor          [   0.35066] added dtor for object 00253B98, func 55881B3B
font     D                ttf.c:792  al_load_ttf_font_stretch_f       [   0.35145] Font Resources/leadcoat.ttf loaded with pixel size 0 x 57.
font     D                ttf.c:794  al_load_ttf_font_stretch_f       [   0.35150]     ascent=51.0, descent=-8.0, height=59.0
dtor     D               dtor.c:184  _al_register_destructor          [   0.35155] added dtor for object 002567E8, func 55881B3B
font     D                ttf.c:792  al_load_ttf_font_stretch_f       [   0.35232] Font Resources/leadcoat.ttf loaded with pixel size 0 x 58.
font     D                ttf.c:794  al_load_ttf_font_stretch_f       [   0.35237]     ascent=52.0, descent=-9.0, height=60.0
dtor     D               dtor.c:184  _al_register_destructor          [   0.35243] added dtor for object 00259478, func 55881B3B
font     D                ttf.c:792  al_load_ttf_font_stretch_f       [   0.35314] Font Resources/leadcoat.ttf loaded with pixel size 0 x 59.
font     D                ttf.c:794  al_load_ttf_font_stretch_f       [   0.35319]     ascent=53.0, descent=-9.0, height=61.0
dtor     D               dtor.c:184  _al_register_destructor          [   0.35324] added dtor for object 0025C108, func 55881B3B
d3d      D         d3d_disp.cpp:1166 real_choose_bitmap_format        [   0.35612] Fake format
d3d      D         d3d_disp.cpp:1166 real_choose_bitmap_format        [   0.35618] Fake format
d3d      D         d3d_disp.cpp:1166 real_choose_bitmap_format        [   0.35621] Fake format
d3d      D         d3d_disp.cpp:1166 real_choose_bitmap_format        [   0.35625] Fake format
d3d      D         d3d_disp.cpp:1166 real_choose_bitmap_format        [   0.35628] Fake format
d3d      D         d3d_disp.cpp:1166 real_choose_bitmap_format        [   0.35632] Fake format
d3d      D         d3d_disp.cpp:1166 real_choose_bitmap_format        [   0.35635] Fake format
d3d      D         d3d_disp.cpp:1166 real_choose_bitmap_format        [   0.35639] Fake format
d3d      D         d3d_disp.cpp:1166 real_choose_bitmap_format        [   0.35642] Fake format
d3d      D         d3d_disp.cpp:1174 real_choose_bitmap_format        [   0.35646] Alpha doesn't match
d3d      D         d3d_disp.cpp:1181 real_choose_bitmap_format        [   0.35650] Adapter format is 23
d3d      D         d3d_disp.cpp:1184 real_choose_bitmap_format        [   0.35654] Found a format
d3d      I         d3d_disp.cpp:2283 _al_d3d_create_bitmap            [   0.35658] Chose bitmap format 9
font     D                ttf.c:217  alloc_glyph_region               [   0.35766] Glyph 45: 21x37 (24x40)
d3d      D          d3d_bmp.cpp:467  _al_d3d_sync_bitmap              [   0.36271] _al_d3d_sync_bitmap (system) ref count == 1
d3d      D          d3d_bmp.cpp:473  _al_d3d_sync_bitmap              [   0.36280] _al_d3d_sync_bitmap (video) ref count == 2
font     D                ttf.c:217  alloc_glyph_region               [   0.36337] Glyph 67: 16x34 (16x36)
font     D                ttf.c:217  alloc_glyph_region               [   0.36378] Glyph 56: 19x34 (20x36)
font     D                ttf.c:217  alloc_glyph_region               [   0.36409] Glyph 80: 19x34 (20x36)
font     D                ttf.c:217  alloc_glyph_region               [   0.36437] Glyph 4: 9x35 (12x36)
font     D                ttf.c:217  alloc_glyph_region               [   0.36614] Glyph 34: 19x39 (20x40)
d3d      D          d3d_bmp.cpp:467  _al_d3d_sync_bitmap              [   0.37918] _al_d3d_sync_bitmap (system) ref count == 1
d3d      D          d3d_bmp.cpp:473  _al_d3d_sync_bitmap              [   0.37927] _al_d3d_sync_bitmap (video) ref count == 2
font     D                ttf.c:217  alloc_glyph_region               [   0.37996] Glyph 79: 20x35 (20x36)
font     D                ttf.c:217  alloc_glyph_region               [   0.38023] Glyph 64: 8x33 (8x36)
font     D                ttf.c:217  alloc_glyph_region               [   0.38051] Glyph 75: 18x35 (20x36)
font     D                ttf.c:217  alloc_glyph_region               [   0.38096] Glyph 41: 18x38 (20x40)
d3d      D          d3d_bmp.cpp:467  _al_d3d_sync_bitmap              [   0.38920] _al_d3d_sync_bitmap (system) ref count == 1
d3d      D          d3d_bmp.cpp:473  _al_d3d_sync_bitmap              [   0.38937] _al_d3d_sync_bitmap (video) ref count == 2
font     D                ttf.c:217  alloc_glyph_region               [   0.39003] Glyph 60: 17x34 (20x36)
font     D                ttf.c:217  alloc_glyph_region               [   0.39049] Glyph 77: 19x33 (20x36)
font     D                ttf.c:406  cache_glyph                      [   0.39057] Glyph 3 has zero size.
font     D                ttf.c:217  alloc_glyph_region               [   0.39102] Glyph 59: 19x34 (20x36)
font     D                ttf.c:217  alloc_glyph_region               [   0.39144] Glyph 70: 19x34 (20x36)
d3d      D          d3d_bmp.cpp:467  _al_d3d_sync_bitmap              [   0.39403] _al_d3d_sync_bitmap (system) ref count == 1
d3d      D          d3d_bmp.cpp:473  _al_d3d_sync_bitmap              [   0.39410] _al_d3d_sync_bitmap (video) ref count == 2
font     D                ttf.c:217  alloc_glyph_region               [   0.39479] Glyph 73: 19x33 (20x36)
d3d      D          d3d_bmp.cpp:467  _al_d3d_sync_bitmap              [   0.39850] _al_d3d_sync_bitmap (system) ref count == 1
d3d      D          d3d_bmp.cpp:473  _al_d3d_sync_bitmap              [   0.39859] _al_d3d_sync_bitmap (video) ref count == 2
d3d      D         d3d_disp.cpp:1166 real_choose_bitmap_format        [   1.41626] Fake format
d3d      D         d3d_disp.cpp:1166 real_choose_bitmap_format        [   1.41633] Fake format
d3d      D         d3d_disp.cpp:1166 real_choose_bitmap_format        [   1.41637] Fake format
d3d      D         d3d_disp.cpp:1166 real_choose_bitmap_format        [   1.41641] Fake format
d3d      D         d3d_disp.cpp:1166 real_choose_bitmap_format        [   1.41644] Fake format
d3d      D         d3d_disp.cpp:1166 real_choose_bitmap_format        [   1.41648] Fake format
d3d      D         d3d_disp.cpp:1166 real_choose_bitmap_format        [   1.41652] Fake format
d3d      D         d3d_disp.cpp:1166 real_choose_bitmap_format        [   1.41658] Fake format
d3d      D         d3d_disp.cpp:1166 real_choose_bitmap_format        [   1.41662] Fake format
d3d      D         d3d_disp.cpp:1174 real_choose_bitmap_format        [   1.41667] Alpha doesn't match
d3d      D         d3d_disp.cpp:1181 real_choose_bitmap_format        [   1.41670] Adapter format is 23
d3d      D         d3d_disp.cpp:1184 real_choose_bitmap_format        [   1.41674] Found a format
d3d      I         d3d_disp.cpp:2283 _al_d3d_create_bitmap            [   1.41678] Chose bitmap format 9
font     D                ttf.c:217  alloc_glyph_region               [   1.41785] Glyph 34: 20x40 (20x40)
d3d      D          d3d_bmp.cpp:467  _al_d3d_sync_bitmap              [   1.42183] _al_d3d_sync_bitmap (system) ref count == 1
d3d      D          d3d_bmp.cpp:473  _al_d3d_sync_bitmap              [   1.42189] _al_d3d_sync_bitmap (video) ref count == 2
font     D                ttf.c:217  alloc_glyph_region               [   1.42254] Glyph 79: 21x36 (24x36)
font     D                ttf.c:217  alloc_glyph_region               [   1.42281] Glyph 64: 9x34 (12x36)
font     D                ttf.c:217  alloc_glyph_region               [   1.42310] Glyph 75: 19x35 (20x36)
d3d      D          d3d_bmp.cpp:467  _al_d3d_sync_bitmap              [   1.42712] _al_d3d_sync_bitmap (system) ref count == 1
d3d      D          d3d_bmp.cpp:473  _al_d3d_sync_bitmap              [   1.42719] _al_d3d_sync_bitmap (video) ref count == 2
d3d      D         d3d_disp.cpp:1166 real_choose_bitmap_format        [   1.43108] Fake format
d3d      D         d3d_disp.cpp:1166 real_choose_bitmap_format        [   1.43117] Fake format
d3d      D         d3d_disp.cpp:1166 real_choose_bitmap_format        [   1.43121] Fake format
d3d      D         d3d_disp.cpp:1166 real_choose_bitmap_format        [   1.43125] Fake format
d3d      D         d3d_disp.cpp:1166 real_choose_bitmap_format        [   1.43129] Fake format
d3d      D         d3d_disp.cpp:1166 real_choose_bitmap_format        [   1.43132] Fake format
d3d      D         d3d_disp.cpp:1166 real_choose_bitmap_format        [   1.43136] Fake format
d3d      D         d3d_disp.cpp:1166 real_choose_bitmap_format        [   1.43140] Fake format
d3d      D         d3d_disp.cpp:1166 real_choose_bitmap_format        [   1.43143] Fake format
d3d      D         d3d_disp.cpp:1174 real_choose_bitmap_format        [   1.43147] Alpha doesn't match
d3d      D         d3d_disp.cpp:1181 real_choose_bitmap_format        [   1.43151] Adapter format is 23
d3d      D         d3d_disp.cpp:1184 real_choose_bitmap_format        [   1.43155] Found a format
d3d      I         d3d_disp.cpp:2283 _al_d3d_create_bitmap            [   1.43158] Chose bitmap format 9
font     D                ttf.c:217  alloc_glyph_region               [   1.43289] Glyph 34: 22x42 (24x44)
d3d      D          d3d_bmp.cpp:467  _al_d3d_sync_bitmap              [   1.43697] _al_d3d_sync_bitmap (system) ref count == 1
d3d      D          d3d_bmp.cpp:473  _al_d3d_sync_bitmap              [   1.43704] _al_d3d_sync_bitmap (video) ref count == 2
font     D                ttf.c:217  alloc_glyph_region               [   1.43778] Glyph 79: 22x37 (24x40)
font     D                ttf.c:217  alloc_glyph_region               [   1.43806] Glyph 64: 9x36 (12x36)
font     D                ttf.c:217  alloc_glyph_region               [   1.43835] Glyph 75: 19x37 (20x40)
d3d      D          d3d_bmp.cpp:467  _al_d3d_sync_bitmap              [   1.44247] _al_d3d_sync_bitmap (system) ref count == 1
d3d      D          d3d_bmp.cpp:473  _al_d3d_sync_bitmap              [   1.44255] _al_d3d_sync_bitmap (video) ref count == 2
d3d      D         d3d_disp.cpp:1166 real_choose_bitmap_format        [   1.44617] Fake format
d3d      D         d3d_disp.cpp:1166 real_choose_bitmap_format        [   1.44623] Fake format
d3d      D         d3d_disp.cpp:1166 real_choose_bitmap_format        [   1.44627] Fake format
d3d      D         d3d_disp.cpp:1166 real_choose_bitmap_format        [   1.44630] Fake format
d3d      D         d3d_disp.cpp:1166 real_choose_bitmap_format        [   1.44634] Fake format
d3d      D         d3d_disp.cpp:1166 real_choose_bitmap_format        [   1.44638] Fake format
d3d      D         d3d_disp.cpp:1166 real_choose_bitmap_format        [   1.44643] Fake format
d3d      D         d3d_disp.cpp:1166 real_choose_bitmap_format        [   1.44646] Fake format
d3d      D         d3d_disp.cpp:1166 real_choose_bitmap_format        [   1.44650] Fake format
d3d      D         d3d_disp.cpp:1174 real_choose_bitmap_format        [   1.44654] Alpha doesn't match
d3d      D         d3d_disp.cpp:1181 real_choose_bitmap_format        [   1.44657] Adapter format is 23
d3d      D         d3d_disp.cpp:1184 real_choose_bitmap_format        [   1.44661] Found a format
d3d      I         d3d_disp.cpp:2283 _al_d3d_create_bitmap            [   1.44665] Chose bitmap format 9
font     D                ttf.c:217  alloc_glyph_region               [   1.44788] Glyph 34: 22x44 (24x44)
d3d      D          d3d_bmp.cpp:467  _al_d3d_sync_bitmap              [   1.45184] _al_d3d_sync_bitmap (system) ref count == 1
d3d      D          d3d_bmp.cpp:473  _al_d3d_sync_bitmap              [   1.45191] _al_d3d_sync_bitmap (video) ref count == 2
font     D                ttf.c:217  alloc_glyph_region               [   1.45257] Glyph 79: 22x38 (24x40)
font     D                ttf.c:217  alloc_glyph_region               [   1.45284] Glyph 64: 9x37 (12x40)
font     D                ttf.c:217  alloc_glyph_region               [   1.45313] Glyph 75: 20x39 (20x40)
d3d      D          d3d_bmp.cpp:467  _al_d3d_sync_bitmap              [   1.45730] _al_d3d_sync_bitmap (system) ref count == 1
d3d      D          d3d_bmp.cpp:473  _al_d3d_sync_bitmap              [   1.45737] _al_d3d_sync_bitmap (video) ref count == 2
d3d      D         d3d_disp.cpp:1166 real_choose_bitmap_format        [   1.46103] Fake format
d3d      D         d3d_disp.cpp:1166 real_choose_bitmap_format        [   1.46109] Fake format
d3d      D         d3d_disp.cpp:1166 real_choose_bitmap_format        [   1.46113] Fake format
d3d      D         d3d_disp.cpp:1166 real_choose_bitmap_format        [   1.46117] Fake format
d3d      D         d3d_disp.cpp:1166 real_choose_bitmap_format        [   1.46120] Fake format
d3d      D         d3d_disp.cpp:1166 real_choose_bitmap_format        [   1.46126] Fake format
d3d      D         d3d_disp.cpp:1166 real_choose_bitmap_format        [   1.46129] Fake format
d3d      D         d3d_disp.cpp:1166 real_choose_bitmap_format        [   1.46133] Fake format
d3d      D         d3d_disp.cpp:1166 real_choose_bitmap_format        [   1.46137] Fake format
d3d      D         d3d_disp.cpp:1174 real_choose_bitmap_format        [   1.46140] Alpha doesn't match
d3d      D         d3d_disp.cpp:1181 real_choose_bitmap_format        [   1.46144] Adapter format is 23
d3d      D         d3d_disp.cpp:1184 real_choose_bitmap_format        [   1.46148] Found a format
d3d      I         d3d_disp.cpp:2283 _al_d3d_create_bitmap            [   1.46152] Chose bitmap format 9
font     D                ttf.c:217  alloc_glyph_region               [   1.46280] Glyph 34: 23x46 (24x48)
d3d      D          d3d_bmp.cpp:467  _al_d3d_sync_bitmap              [   1.46829] _al_d3d_sync_bitmap (system) ref count == 1
d3d      D          d3d_bmp.cpp:473  _al_d3d_sync_bitmap              [   1.46837] _al_d3d_sync_bitmap (video) ref count == 2
font     D                ttf.c:217  alloc_glyph_region               [   1.46913] Glyph 79: 23x39 (24x40)
font     D                ttf.c:217  alloc_glyph_region               [   1.46942] Glyph 64: 9x38 (12x40)
font     D                ttf.c:217  alloc_glyph_region               [   1.46971] Glyph 75: 21x40 (24x40)
d3d      D          d3d_bmp.cpp:467  _al_d3d_sync_bitmap              [   1.47373] _al_d3d_sync_bitmap (system) ref count == 1
d3d      D          d3d_bmp.cpp:473  _al_d3d_sync_bitmap              [   1.47381] _al_d3d_sync_bitmap (video) ref count == 2
d3d      D         d3d_disp.cpp:1166 real_choose_bitmap_format        [   1.47702] Fake format
d3d      D         d3d_disp.cpp:1166 real_choose_bitmap_format        [   1.47709] Fake format
d3d      D         d3d_disp.cpp:1166 real_choose_bitmap_format        [   1.47713] Fake format
d3d      D         d3d_disp.cpp:1166 real_choose_bitmap_format        [   1.47717] Fake format
d3d      D         d3d_disp.cpp:1166 real_choose_bitmap_format        [   1.47720] Fake format
d3d      D         d3d_disp.cpp:1166 real_choose_bitmap_format        [   1.47724] Fake format
d3d      D         d3d_disp.cpp:1166 real_choose_bitmap_format        [   1.47728] Fake format
d3d      D         d3d_disp.cpp:1166 real_choose_bitmap_format        [   1.47732] Fake format
d3d      D         d3d_disp.cpp:1166 real_choose_bitmap_format        [   1.47735] Fake format
d3d      D         d3d_disp.cpp:1174 real_choose_bitmap_format        [   1.47739] Alpha doesn't match
d3d      D         d3d_disp.cpp:1181 real_choose_bitmap_format        [   1.47743] Adapter format is 23
d3d      D         d3d_disp.cpp:1184 real_choose_bitmap_format        [   1.47747] Found a format
d3d      I         d3d_disp.cpp:2283 _al_d3d_create_bitmap            [   1.47750] Chose bitmap format 9
font     D                ttf.c:217  alloc_glyph_region               [   1.47866] Glyph 34: 24x47 (24x48)
d3d      D          d3d_bmp.cpp:467  _al_d3d_sync_bitmap              [   1.48123] _al_d3d_sync_bitmap (system) ref count == 1
d3d      D          d3d_bmp.cpp:473  _al_d3d_sync_bitmap              [   1.48138] _al_d3d_sync_bitmap (video) ref count == 2
font     D                ttf.c:217  alloc_glyph_region               [   1.48213] Glyph 79: 24x42 (24x44)
font     D                ttf.c:217  alloc_glyph_region               [   1.48242] Glyph 64: 10x41 (12x44)
font     D                ttf.c:217  alloc_glyph_region               [   1.48277] Glyph 75: 22x42 (24x44)
d3d      D          d3d_bmp.cpp:467  _al_d3d_sync_bitmap              [   1.48609] _al_d3d_sync_bitmap (system) ref count == 1
d3d      D          d3d_bmp.cpp:473  _al_d3d_sync_bitmap              [   1.48616] _al_d3d_sync_bitmap (video) ref count == 2
d3d      D         d3d_disp.cpp:1166 real_choose_bitmap_format        [   1.49013] Fake format
d3d      D         d3d_disp.cpp:1166 real_choose_bitmap_format        [   1.49018] Fake format
d3d      D         d3d_disp.cpp:1166 real_choose_bitmap_format        [   1.49022] Fake format
d3d      D         d3d_disp.cpp:1166 real_choose_bitmap_format        [   1.49026] Fake format
d3d      D         d3d_disp.cpp:1166 real_choose_bitmap_format        [   1.49029] Fake format
d3d      D         d3d_disp.cpp:1166 real_choose_bitmap_format        [   1.49033] Fake format
d3d      D         d3d_disp.cpp:1166 real_choose_bitmap_format        [   1.49037] Fake format
d3d      D         d3d_disp.cpp:1166 real_choose_bitmap_format        [   1.49040] Fake format
d3d      D         d3d_disp.cpp:1166 real_choose_bitmap_format        [   1.49044] Fake format
d3d      D         d3d_disp.cpp:1174 real_choose_bitmap_format        [   1.49047] Alpha doesn't match
d3d      D         d3d_disp.cpp:1181 real_choose_bitmap_format        [   1.49051] Adapter format is 23
d3d      D         d3d_disp.cpp:1184 real_choose_bitmap_format        [   1.49055] Found a format
d3d      I         d3d_disp.cpp:2283 _al_d3d_create_bitmap            [   1.49059] Chose bitmap format 9
font     D                ttf.c:217  alloc_glyph_region               [   1.49180] Glyph 34: 25x49 (28x52)
d3d      D          d3d_bmp.cpp:467  _al_d3d_sync_bitmap              [   1.49594] _al_d3d_sync_bitmap (system) ref count == 1
d3d      D          d3d_bmp.cpp:473  _al_d3d_sync_bitmap              [   1.49601] _al_d3d_sync_bitmap (video) ref count == 2
font     D                ttf.c:217  alloc_glyph_region               [   1.49676] Glyph 79: 25x44 (28x44)
font     D                ttf.c:217  alloc_glyph_region               [   1.49708] Glyph 64: 10x43 (12x44)
font     D                ttf.c:217  alloc_glyph_region               [   1.49740] Glyph 75: 22x43 (24x44)
d3d      D          d3d_bmp.cpp:467  _al_d3d_sync_bitmap              [   1.50137] _al_d3d_sync_bitmap (system) ref count == 1
d3d      D          d3d_bmp.cpp:473  _al_d3d_sync_bitmap              [   1.50147] _al_d3d_sync_bitmap (video) ref count == 2
d3d      D         d3d_disp.cpp:1166 real_choose_bitmap_format        [   1.50494] Fake format
d3d      D         d3d_disp.cpp:1166 real_choose_bitmap_format        [   1.50501] Fake format
d3d      D         d3d_disp.cpp:1166 real_choose_bitmap_format        [   1.50505] Fake format
d3d      D         d3d_disp.cpp:1166 real_choose_bitmap_format        [   1.50508] Fake format
d3d      D         d3d_disp.cpp:1166 real_choose_bitmap_format        [   1.50512] Fake format
d3d      D         d3d_disp.cpp:1166 real_choose_bitmap_format        [   1.50516] Fake format
d3d      D         d3d_disp.cpp:1166 real_choose_bitmap_format        [   1.50519] Fake format
d3d      D         d3d_disp.cpp:1166 real_choose_bitmap_format        [   1.50523] Fake format
d3d      D         d3d_disp.cpp:1166 real_choose_bitmap_format        [   1.50527] Fake format
d3d      D         d3d_disp.cpp:1174 real_choose_bitmap_format        [   1.50530] Alpha doesn't match
d3d      D         d3d_disp.cpp:1181 real_choose_bitmap_format        [   1.50534] Adapter format is 23
d3d      D         d3d_disp.cpp:1184 real_choose_bitmap_format        [   1.50538] Found a format
d3d      I         d3d_disp.cpp:2283 _al_d3d_create_bitmap            [   1.50542] Chose bitmap format 9
font     D                ttf.c:217  alloc_glyph_region               [   1.50665] Glyph 34: 26x51 (28x52)
d3d      D          d3d_bmp.cpp:467  _al_d3d_sync_bitmap              [   1.51004] _al_d3d_sync_bitmap (system) ref count == 1
d3d      D          d3d_bmp.cpp:473  _al_d3d_sync_bitmap              [   1.51014] _al_d3d_sync_bitmap (video) ref count == 2
font     D                ttf.c:217  alloc_glyph_region               [   1.51097] Glyph 79: 26x44 (28x44)
font     D                ttf.c:217  alloc_glyph_region               [   1.51131] Glyph 64: 10x43 (12x44)
font     D                ttf.c:217  alloc_glyph_region               [   1.51162] Glyph 75: 23x44 (24x44)
d3d      D          d3d_bmp.cpp:467  _al_d3d_sync_bitmap              [   1.51667] _al_d3d_sync_bitmap (system) ref count == 1
d3d      D          d3d_bmp.cpp:473  _al_d3d_sync_bitmap              [   1.51676] _al_d3d_sync_bitmap (video) ref count == 2
d3d      D         d3d_disp.cpp:1166 real_choose_bitmap_format        [   1.51994] Fake format
d3d      D         d3d_disp.cpp:1166 real_choose_bitmap_format        [   1.52000] Fake format
d3d      D         d3d_disp.cpp:1166 real_choose_bitmap_format        [   1.52004] Fake format
d3d      D         d3d_disp.cpp:1166 real_choose_bitmap_format        [   1.52008] Fake format
d3d      D         d3d_disp.cpp:1166 real_choose_bitmap_format        [   1.52011] Fake format
d3d      D         d3d_disp.cpp:1166 real_choose_bitmap_format        [   1.52015] Fake format
d3d      D         d3d_disp.cpp:1166 real_choose_bitmap_format        [   1.52019] Fake format
d3d      D         d3d_disp.cpp:1166 real_choose_bitmap_format        [   1.52022] Fake format
d3d      D         d3d_disp.cpp:1166 real_choose_bitmap_format        [   1.52026] Fake format
d3d      D         d3d_disp.cpp:1174 real_choose_bitmap_format        [   1.52030] Alpha doesn't match
d3d      D         d3d_disp.cpp:1181 real_choose_bitmap_format        [   1.52033] Adapter format is 23
d3d      D         d3d_disp.cpp:1184 real_choose_bitmap_format        [   1.52037] Found a format
d3d      I         d3d_disp.cpp:2283 _al_d3d_create_bitmap            [   1.52041] Chose bitmap format 9
font     D                ttf.c:217  alloc_glyph_region               [   1.52156] Glyph 34: 26x53 (28x56)
d3d      D          d3d_bmp.cpp:467  _al_d3d_sync_bitmap              [   1.52565] _al_d3d_sync_bitmap (system) ref count == 1
d3d      D          d3d_bmp.cpp:473  _al_d3d_sync_bitmap              [   1.52572] _al_d3d_sync_bitmap (video) ref count == 2
font     D                ttf.c:217  alloc_glyph_region               [   1.52657] Glyph 79: 27x47 (28x48)
font     D                ttf.c:217  alloc_glyph_region               [   1.52687] Glyph 64: 10x45 (12x48)
font     D                ttf.c:217  alloc_glyph_region               [   1.52719] Glyph 75: 24x46 (24x48)
d3d      D          d3d_bmp.cpp:467  _al_d3d_sync_bitmap              [   1.53133] _al_d3d_sync_bitmap (system) ref count == 1
d3d      D          d3d_bmp.cpp:473  _al_d3d_sync_bitmap              [   1.53141] _al_d3d_sync_bitmap (video) ref count == 2
d3d      D         d3d_disp.cpp:1166 real_choose_bitmap_format        [   1.53510] Fake format
d3d      D         d3d_disp.cpp:1166 real_choose_bitmap_format        [   1.53516] Fake format
d3d      D         d3d_disp.cpp:1166 real_choose_bitmap_format        [   1.53519] Fake format
d3d      D         d3d_disp.cpp:1166 real_choose_bitmap_format        [   1.53523] Fake format
d3d      D         d3d_disp.cpp:1166 real_choose_bitmap_format        [   1.53527] Fake format
d3d      D         d3d_disp.cpp:1166 real_choose_bitmap_format        [   1.53531] Fake format
d3d      D         d3d_disp.cpp:1166 real_choose_bitmap_format        [   1.53534] Fake format
d3d      D         d3d_disp.cpp:1166 real_choose_bitmap_format        [   1.53538] Fake format
d3d      D         d3d_disp.cpp:1166 real_choose_bitmap_format        [   1.53541] Fake format
d3d      D         d3d_disp.cpp:1174 real_choose_bitmap_format        [   1.53545] Alpha doesn't match
d3d      D         d3d_disp.cpp:1181 real_choose_bitmap_format        [   1.53549] Adapter format is 23
d3d      D         d3d_disp.cpp:1184 real_choose_bitmap_format        [   1.53553] Found a format
d3d      I         d3d_disp.cpp:2283 _al_d3d_create_bitmap            [   1.53557] Chose bitmap format 9
font     D                ttf.c:217  alloc_glyph_region               [   1.53662] Glyph 34: 27x55 (28x56)
d3d      D          d3d_bmp.cpp:467  _al_d3d_sync_bitmap              [   1.54090] _al_d3d_sync_bitmap (system) ref count == 1
d3d      D          d3d_bmp.cpp:473  _al_d3d_sync_bitmap              [   1.54097] _al_d3d_sync_bitmap (video) ref count == 2
font     D                ttf.c:217  alloc_glyph_region               [   1.54171] Glyph 79: 27x48 (28x48)
font     D                ttf.c:217  alloc_glyph_region               [   1.54202] Glyph 64: 11x47 (12x48)
font     D                ttf.c:217  alloc_glyph_region               [   1.54233] Glyph 75: 25x48 (28x48)
d3d      D          d3d_bmp.cpp:467  _al_d3d_sync_bitmap              [   1.54663] _al_d3d_sync_bitmap (system) ref count == 1
d3d      D          d3d_bmp.cpp:473  _al_d3d_sync_bitmap              [   1.54670] _al_d3d_sync_bitmap (video) ref count == 2
d3d      D         d3d_disp.cpp:1166 real_choose_bitmap_format        [   1.55036] Fake format
d3d      D         d3d_disp.cpp:1166 real_choose_bitmap_format        [   1.55043] Fake format
d3d      D         d3d_disp.cpp:1166 real_choose_bitmap_format        [   1.55046] Fake format
d3d      D         d3d_disp.cpp:1166 real_choose_bitmap_format        [   1.55050] Fake format
d3d      D         d3d_disp.cpp:1166 real_choose_bitmap_format        [   1.55054] Fake format
d3d      D         d3d_disp.cpp:1166 real_choose_bitmap_format        [   1.55058] Fake format
d3d      D         d3d_disp.cpp:1166 real_choose_bitmap_format        [   1.55061] Fake format
d3d      D         d3d_disp.cpp:1166 real_choose_bitmap_format        [   1.55065] Fake format
d3d      D         d3d_disp.cpp:1166 real_choose_bitmap_format        [   1.55068] Fake format
d3d      D         d3d_disp.cpp:1174 real_choose_bitmap_format        [   1.55072] Alpha doesn't match
d3d      D         d3d_disp.cpp:1181 real_choose_bitmap_format        [   1.55076] Adapter format is 23
d3d      D         d3d_disp.cpp:1184 real_choose_bitmap_format        [   1.55080] Found a format
d3d      I         d3d_disp.cpp:2283 _al_d3d_create_bitmap            [   1.55083] Chose bitmap format 9
font     D                ttf.c:217  alloc_glyph_region               [   1.55189] Glyph 34: 27x55 (28x56)
d3d      D          d3d_bmp.cpp:467  _al_d3d_sync_bitmap              [   1.55599] _al_d3d_sync_bitmap (system) ref count == 1
d3d      D          d3d_bmp.cpp:473  _al_d3d_sync_bitmap              [   1.55606] _al_d3d_sync_bitmap (video) ref count == 2
font     D                ttf.c:217  alloc_glyph_region               [   1.55677] Glyph 79: 28x48 (28x48)
font     D                ttf.c:217  alloc_glyph_region               [   1.55708] Glyph 64: 12x47 (12x48)
font     D                ttf.c:217  alloc_glyph_region               [   1.55740] Glyph 75: 25x48 (28x48)
d3d      D          d3d_bmp.cpp:467  _al_d3d_sync_bitmap              [   1.56154] _al_d3d_sync_bitmap (system) ref count == 1
d3d      D          d3d_bmp.cpp:473  _al_d3d_sync_bitmap              [   1.56162] _al_d3d_sync_bitmap (video) ref count == 2
dtor     D               dtor.c:114  _al_run_destructors              [   1.76029] calling dtor for object 0025C108, func 55881B3B
dtor     D               dtor.c:214  _al_unregister_destructor        [   1.76046] removed dtor for object 0025C108
d3d      W          d3d_bmp.cpp:743  d3d_destroy_bitmap               [   1.76075] d3d_destroy_bitmap: Release video texture failed.
dtor     D               dtor.c:114  _al_run_destructors              [   1.76110] calling dtor for object 00259478, func 55881B3B
dtor     D               dtor.c:214  _al_unregister_destructor        [   1.76115] removed dtor for object 00259478
d3d      W          d3d_bmp.cpp:743  d3d_destroy_bitmap               [   1.76140] d3d_destroy_bitmap: Release video texture failed.
dtor     D               dtor.c:114  _al_run_destructors              [   1.76252] calling dtor for object 002567E8, func 55881B3B
dtor     D               dtor.c:214  _al_unregister_destructor        [   1.76260] removed dtor for object 002567E8
dtor     D               dtor.c:114  _al_run_destructors              [   1.76280] calling dtor for object 00253B98, func 55881B3B
dtor     D               dtor.c:214  _al_unregister_destructor        [   1.76285] removed dtor for object 00253B98
d3d      W          d3d_bmp.cpp:743  d3d_destroy_bitmap               [   1.76317] d3d_destroy_bitmap: Release video texture failed.
dtor     D               dtor.c:114  _al_run_destructors              [   1.76382] calling dtor for object 00250DE8, func 55881B3B
dtor     D               dtor.c:214  _al_unregister_destructor        [   1.76388] removed dtor for object 00250DE8
dtor     D               dtor.c:114  _al_run_destructors              [   1.76403] calling dtor for object 0024E188, func 55881B3B
dtor     D               dtor.c:214  _al_unregister_destructor        [   1.76407] removed dtor for object 0024E188
d3d      W          d3d_bmp.cpp:743  d3d_destroy_bitmap               [   1.76431] d3d_destroy_bitmap: Release video texture failed.
dtor     D               dtor.c:114  _al_run_destructors              [   1.76531] calling dtor for object 0024B488, func 55881B3B
dtor     D               dtor.c:214  _al_unregister_destructor        [   1.76546] removed dtor for object 0024B488
dtor     D               dtor.c:114  _al_run_destructors              [   1.76567] calling dtor for object 00248818, func 55881B3B
dtor     D               dtor.c:214  _al_unregister_destructor        [   1.76571] removed dtor for object 00248818
d3d      W          d3d_bmp.cpp:743  d3d_destroy_bitmap               [   1.76600] d3d_destroy_bitmap: Release video texture failed.
dtor     D               dtor.c:114  _al_run_destructors              [   1.76691] calling dtor for object 00245B28, func 55881B3B
dtor     D               dtor.c:214  _al_unregister_destructor        [   1.76701] removed dtor for object 00245B28
dtor     D               dtor.c:114  _al_run_destructors              [   1.76719] calling dtor for object 00242AF8, func 55881B3B
dtor     D               dtor.c:214  _al_unregister_destructor        [   1.76723] removed dtor for object 00242AF8
d3d      W          d3d_bmp.cpp:743  d3d_destroy_bitmap               [   1.76757] d3d_destroy_bitmap: Release video texture failed.
dtor     D               dtor.c:114  _al_run_destructors              [   1.76834] calling dtor for object 0023FED0, func 55881B3B
dtor     D               dtor.c:214  _al_unregister_destructor        [   1.76842] removed dtor for object 0023FED0
dtor     D               dtor.c:114  _al_run_destructors              [   1.76858] calling dtor for object 0023D2B0, func 55881B3B
dtor     D               dtor.c:214  _al_unregister_destructor        [   1.76862] removed dtor for object 0023D2B0
d3d      W          d3d_bmp.cpp:743  d3d_destroy_bitmap               [   1.76898] d3d_destroy_bitmap: Release video texture failed.
dtor     D               dtor.c:114  _al_run_destructors              [   1.76962] calling dtor for object 0023A690, func 55881B3B
dtor     D               dtor.c:214  _al_unregister_destructor        [   1.76970] removed dtor for object 0023A690
dtor     D               dtor.c:114  _al_run_destructors              [   1.76991] calling dtor for object 00237A78, func 55881B3B
dtor     D               dtor.c:214  _al_unregister_destructor        [   1.76995] removed dtor for object 00237A78
d3d      W          d3d_bmp.cpp:743  d3d_destroy_bitmap               [   1.77020] d3d_destroy_bitmap: Release video texture failed.
dtor     D               dtor.c:114  _al_run_destructors              [   1.77120] calling dtor for object 002305A0, func 55881B3B
dtor     D               dtor.c:214  _al_unregister_destructor        [   1.77130] removed dtor for object 002305A0
dtor     D               dtor.c:114  _al_run_destructors              [   1.77154] calling dtor for object 002323D8, func 55881B3B
dtor     D               dtor.c:214  _al_unregister_destructor        [   1.77158] removed dtor for object 002323D8
d3d      W          d3d_bmp.cpp:743  d3d_destroy_bitmap               [   1.77185] d3d_destroy_bitmap: Release video texture failed.
dtor     D               dtor.c:114  _al_run_destructors              [   1.77269] calling dtor for object 0022EEE8, func 55881B3B
dtor     D               dtor.c:214  _al_unregister_destructor        [   1.77280] removed dtor for object 0022EEE8
dtor     D               dtor.c:114  _al_run_destructors              [   1.77299] calling dtor for object 0022C278, func 55881B3B
dtor     D               dtor.c:214  _al_unregister_destructor        [   1.77303] removed dtor for object 0022C278
d3d      W          d3d_bmp.cpp:743  d3d_destroy_bitmap               [   1.77338] d3d_destroy_bitmap: Release video texture failed.
dtor     D               dtor.c:114  _al_run_destructors              [   1.77455] calling dtor for object 002257F0, func 55881B3B
dtor     D               dtor.c:214  _al_unregister_destructor        [   1.77462] removed dtor for object 002257F0
dtor     D               dtor.c:114  _al_run_destructors              [   1.77479] calling dtor for object 00226958, func 55881B3B
dtor     D               dtor.c:214  _al_unregister_destructor        [   1.77483] removed dtor for object 00226958
d3d      W          d3d_bmp.cpp:743  d3d_destroy_bitmap               [   1.77501] d3d_destroy_bitmap: Release video texture failed.
dtor     D               dtor.c:114  _al_run_destructors              [   1.77632] calling dtor for object 0021DF10, func 558827A7
dtor     D               dtor.c:214  _al_unregister_destructor        [   1.77643] removed dtor for object 0021DF10
dtor     D               dtor.c:114  _al_run_destructors              [   1.77649] calling dtor for object 0021DD50, func 558824D2
dtor     D               dtor.c:214  _al_unregister_destructor        [   1.77654] removed dtor for object 0021DD50
dtor     D               dtor.c:114  _al_run_destructors              [   1.77658] calling dtor for object 0021DA60, func 558827A7
dtor     D               dtor.c:214  _al_unregister_destructor        [   1.77662] removed dtor for object 0021DA60
d3d      I         d3d_disp.cpp:921  d3d_destroy_display              [   1.77688] destroying display 001FBDD0 (current 00000000)
d3d      D         d3d_disp.cpp:905  d3d_destroy_display_internals    [   1.77694] waiting for display 001FBDD0's thread to end
d3d      W         d3d_disp.cpp:617  d3d_destroy_device               [   1.78627] d3d_destroy_device: ref count not 0
d3d      I         d3d_disp.cpp:1527 d3d_display_thread_proc          [   1.86738] d3d display thread exits
